[2025-05-16 08:29:22.415] [puff::index::jointLog] [info] Running fixFasta
[2025-05-16 08:29:22.427] [puff::index::jointLog] [info] Replaced 0 non-ATCG nucleotides
[2025-05-16 08:29:22.427] [puff::index::jointLog] [info] Clipped poly-A tails from 0 transcripts
[2025-05-16 08:29:22.429] [puff::index::jointLog] [info] Filter size not provided; estimating from number of distinct k-mers
[2025-05-16 08:29:22.434] [puff::index::jointLog] [info] ntHll estimated 53700 distinct k-mers, setting filter size to 2^20
[2025-05-16 08:29:22.463] [puff::index::jointLog] [info] Starting the Pufferfish indexing by reading the GFA binary file.
[2025-05-16 08:29:22.463] [puff::index::jointLog] [info] Setting the index/BinaryGfa directory MusMT_index
[2025-05-16 08:29:22.470] [puff::index::jointLog] [info] Done wrapping the rank vector with a rank9sel structure.
[2025-05-16 08:29:22.470] [puff::index::jointLog] [info] contig count for validation: 1
[2025-05-16 08:29:22.472] [puff::index::jointLog] [info] Total # of Contigs : 1
[2025-05-16 08:29:22.472] [puff::index::jointLog] [info] Total # of numerical Contigs : 1
[2025-05-16 08:29:22.472] [puff::index::jointLog] [info] Total # of contig vec entries: 1
[2025-05-16 08:29:22.472] [puff::index::jointLog] [info] bits per offset entry 1
[2025-05-16 08:29:22.472] [puff::index::jointLog] [info] Done constructing the contig vector. 2
[2025-05-16 08:29:22.473] [puff::index::jointLog] [info] # segments = 1
[2025-05-16 08:29:22.473] [puff::index::jointLog] [info] total length = 16,299
[2025-05-16 08:29:22.473] [puff::index::jointLog] [info] Reading the reference files ...
[2025-05-16 08:29:22.477] [puff::index::jointLog] [info] positional integer width = 14
[2025-05-16 08:29:22.477] [puff::index::jointLog] [info] seqSize = 16,299
[2025-05-16 08:29:22.477] [puff::index::jointLog] [info] rankSize = 16,299
[2025-05-16 08:29:22.477] [puff::index::jointLog] [info] edgeVecSize = 0
[2025-05-16 08:29:22.477] [puff::index::jointLog] [info] num keys = 16,269
[2025-05-16 08:29:22.508] [puff::index::jointLog] [info] mphf size = 0.0108719 MB
[2025-05-16 08:29:22.508] [puff::index::jointLog] [info] chunk size = 16,299
[2025-05-16 08:29:22.508] [puff::index::jointLog] [info] chunk 0 = [0, 16,269)
[2025-05-16 08:29:22.509] [puff::index::jointLog] [info] finished populating pos vector
[2025-05-16 08:29:22.509] [puff::index::jointLog] [info] writing index components
[2025-05-16 08:29:22.510] [puff::index::jointLog] [info] finished writing dense pufferfish index
