[2025-05-16 08:34:12.088] [jointLog] [info] setting maxHashResizeThreads to 4
[2025-05-16 08:34:12.088] [jointLog] [info] Fragment incompatibility prior below threshold.  Incompatible fragments will be ignored.
[2025-05-16 08:34:12.088] [jointLog] [info] Usage of --validateMappings implies use of minScoreFraction. Since not explicitly specified, it is being set to 0.65
[2025-05-16 08:34:12.088] [jointLog] [info] Setting consensusSlack to selective-alignment default of 0.35.
[2025-05-16 08:34:12.088] [jointLog] [info] parsing read library format
[2025-05-16 08:34:12.088] [jointLog] [info] There is 1 library.
[2025-05-16 08:34:12.088] [jointLog] [info] Loading pufferfish index
[2025-05-16 08:34:12.088] [jointLog] [info] Loading dense pufferfish index.
[2025-05-16 08:34:12.089] [jointLog] [info] done
[2025-05-16 08:34:12.107] [jointLog] [info] Index contained 1 targets
[2025-05-16 08:34:12.107] [jointLog] [info] Number of decoys : 0
[2025-05-16 08:34:12.107] [jointLog] [warning] Fragment GC bias correction is currently *experimental* in single-end libraries.  Please use this option with caution.
[2025-05-16 08:34:12.147] [fileLog] [info] 
At end of round 0
==================
Observed 14069 total fragments (14069 in most recent round)

[2025-05-16 08:34:12.147] [jointLog] [info] Computed 1 rich equivalence classes for further processing
[2025-05-16 08:34:12.147] [jointLog] [info] Counted 14,069 total reads in the equivalence classes 
[2025-05-16 08:34:12.149] [jointLog] [info] Number of mappings discarded because of alignment score : 0
[2025-05-16 08:34:12.149] [jointLog] [info] Number of fragments entirely discarded because of alignment score : 0
[2025-05-16 08:34:12.149] [jointLog] [info] Number of fragments discarded because they are best-mapped to decoys : 0
[2025-05-16 08:34:12.149] [jointLog] [info] Number of fragments discarded because they have only dovetail (discordant) mappings to valid targets : 0
[2025-05-16 08:34:12.149] [jointLog] [warning] Only 14069 fragments were mapped, but the number of burn-in fragments was set to 5000000.
The effective lengths have been computed using the observed mappings.

[2025-05-16 08:34:12.149] [jointLog] [info] Mapping rate = 100%

[2025-05-16 08:34:12.149] [jointLog] [info] finished quantifyLibrary()
[2025-05-16 08:34:12.150] [jointLog] [info] Starting optimizer
[2025-05-16 08:34:12.150] [jointLog] [info] Marked 0 weighted equivalence classes as degenerate
[2025-05-16 08:34:12.150] [jointLog] [info] iteration = 0 | max rel diff. = 3.87872e-16
[2025-05-16 08:34:12.150] [jointLog] [info] iteration 1, adjusting effective lengths to account for biases
[2025-05-16 08:34:12.153] [jointLog] [info] Computed expected counts (for bias correction)
[2025-05-16 08:34:12.157] [jointLog] [info] processed bias for 100.0% of the transcripts
[2025-05-16 08:34:12.157] [jointLog] [info] iteration = 100 | max rel diff. = 0
[2025-05-16 08:34:12.157] [jointLog] [info] Finished optimizer
[2025-05-16 08:34:12.157] [jointLog] [info] writing output 

