STAR version=2.7.5a
STAR compilation time,server,dir=Tue Jun 16 16:47:12 GMT 2020 :/Users/travis/build/alexdobin/travis-tests/STARcompile/source
##### Command Line:
STAR --runThreadN 4 --genomeDir 041_d_STAR_mouseMT_reference --outSAMtype BAM SortedByCoordinate --outFileNamePrefix 042_d_STAR_map_raw/sample_b3. --quantMode GeneCounts --readFilesIn fastq_files/sample_b3.fastq
##### Initial USER parameters from Command Line:
outFileNamePrefix                 042_d_STAR_map_raw/sample_b3.
###### All USER parameters from Command Line:
runThreadN                    4     ~RE-DEFINED
genomeDir                     041_d_STAR_mouseMT_reference     ~RE-DEFINED
outSAMtype                    BAM   SortedByCoordinate        ~RE-DEFINED
outFileNamePrefix             042_d_STAR_map_raw/sample_b3.     ~RE-DEFINED
quantMode                     GeneCounts        ~RE-DEFINED
readFilesIn                   fastq_files/sample_b3.fastq        ~RE-DEFINED
##### Finished reading parameters from all sources

##### Final user re-defined parameters-----------------:
runThreadN                        4
genomeDir                         041_d_STAR_mouseMT_reference
readFilesIn                       fastq_files/sample_b3.fastq   
outFileNamePrefix                 042_d_STAR_map_raw/sample_b3.
outSAMtype                        BAM   SortedByCoordinate   
quantMode                         GeneCounts   

-------------------------------
##### Final effective command line:
STAR   --runThreadN 4   --genomeDir 041_d_STAR_mouseMT_reference   --readFilesIn fastq_files/sample_b3.fastq      --outFileNamePrefix 042_d_STAR_map_raw/sample_b3.   --outSAMtype BAM   SortedByCoordinate      --quantMode GeneCounts   
----------------------------------------

Number of fastq files for each mate = 1
WARNING: --limitBAMsortRAM=0, will use genome size as RAM limit for BAM sorting
Finished loading and checking parameters
Reading genome generation parameters:
### STAR   --runMode genomeGenerate      --runThreadN 4   --genomeDir 041_d_STAR_mouseMT_reference   --genomeFastaFiles ref/Mus_musculus.GRCm39.dna.chromosome.MT.fa      --genomeSAindexNbases 5   --sjdbGTFfile ref/Mus_musculus.GRCm39.114.chr.gtf   --sjdbOverhang 99
### GstrandBit=32
versionGenome                 2.7.4a     ~RE-DEFINED
genomeType                    Full     ~RE-DEFINED
genomeFastaFiles              ref/Mus_musculus.GRCm39.dna.chromosome.MT.fa        ~RE-DEFINED
genomeSAindexNbases           5     ~RE-DEFINED
genomeChrBinNbits             18     ~RE-DEFINED
genomeSAsparseD               1     ~RE-DEFINED
genomeTransformType           None     ~RE-DEFINED
genomeTransformVCF            -     ~RE-DEFINED
sjdbOverhang                  99     ~RE-DEFINED
sjdbFileChrStartEnd           -        ~RE-DEFINED
sjdbGTFfile                   ref/Mus_musculus.GRCm39.114.chr.gtf     ~RE-DEFINED
sjdbGTFchrPrefix              -     ~RE-DEFINED
sjdbGTFfeatureExon            exon     ~RE-DEFINED
sjdbGTFtagExonParentTranscripttranscript_id     ~RE-DEFINED
sjdbGTFtagExonParentGene      gene_id     ~RE-DEFINED
sjdbInsertSave                Basic     ~RE-DEFINED
genomeFileSizes               262144   134470        ~RE-DEFINED
Genome version is compatible with current STAR
Number of real (reference) chromosomes= 1
1	MT	16299	0
--sjdbOverhang = 99 taken from the generated genome
Started loading the genome: Fri May 16 08:18:53 2025

Genome: size given as a parameter = 262144
SA: size given as a parameter = 134470
SAindex: size given as a parameter = 1
Read from SAindex: pGe.gSAindexNbases=5  nSAi=1364
nGenome=262144;  nSAbyte=134470
GstrandBit=32   SA number of indices=32598
Shared memory is not used for genomes. Allocated a private copy of the genome.
Genome file size: 262144 bytes; state: good=1 eof=0 fail=0 bad=0
Loading Genome ... done! state: good=1 eof=0 fail=0 bad=0; loaded 262144 bytes
SA file size: 134470 bytes; state: good=1 eof=0 fail=0 bad=0
Loading SA ... done! state: good=1 eof=0 fail=0 bad=0; loaded 134470 bytes
Loading SAindex ... done: 6027 bytes
Finished loading the genome: Fri May 16 08:18:53 2025

Sum of all Genome bytes: 1251270
Sum of all SA bytes: 9882236
Sum of all SAi bytes: 321946
alignIntronMax=alignMatesGapMax=0, the max intron size will be approximately determined by (2^winBinNbits)*winAnchorDistNbins=589824
Created thread # 1
Created thread # 2
Created thread # 3
Thread #1 end of input stream, nextChar=-1
Completed: thread #2
Completed: thread #3
Completed: thread #0
Completed: thread #3
BAM sorting: 14117 mapped reads
BAM sorting bins genomic start loci:
1	0	7804
2	0	9618
3	0	11849
4	0	11959
5	0	12068
6	0	12177
7	0	12291
8	0	12409
9	0	12529
10	0	12643
11	0	12752
12	0	12865
13	0	12983
14	0	13092
15	0	13210
16	0	13325
17	0	13434
18	0	14167
19	0	14202
20	0	14232
21	0	14265
22	0	14299
23	0	14333
24	0	14365
25	0	14399
26	0	14431
27	0	14467
28	0	14499
29	0	14531
30	0	14559
31	0	14589
32	0	14620
33	0	14653
34	0	14687
35	0	14720
36	0	14752
37	0	14783
38	0	14816
39	0	14850
40	0	14885
41	0	14920
42	0	14955
43	0	14990
44	0	15023
45	0	15057
46	0	15089
47	0	15122
48	0	15154
Completed: thread #1
Joined thread # 1
Joined thread # 2
Joined thread # 3
May 16 08:18:53 ..... started sorting BAM
Max memory needed for sorting = 81685
ALL DONE!
