                                 Started job on |	May 16 08:18:51
                             Started mapping on |	May 16 08:18:51
                                    Finished on |	May 16 08:18:52
       Mapping speed, Million of reads per hour |	29.52

                          Number of input reads |	8199
                      Average input read length |	101
                                    UNIQUE READS:
                   Uniquely mapped reads number |	6894
                        Uniquely mapped reads % |	84.08%
                          Average mapped length |	100.96
                       Number of splices: Total |	1
            Number of splices: Annotated (sjdb) |	0
                       Number of splices: GT/AG |	1
                       Number of splices: GC/AG |	0
                       Number of splices: AT/AC |	0
               Number of splices: Non-canonical |	0
                      Mismatch rate per base, % |	0.12%
                         Deletion rate per base |	0.00%
                        Deletion average length |	1.00
                        Insertion rate per base |	0.00%
                       Insertion average length |	0.00
                             MULTI-MAPPING READS:
        Number of reads mapped to multiple loci |	7
             % of reads mapped to multiple loci |	0.09%
        Number of reads mapped to too many loci |	0
             % of reads mapped to too many loci |	0.00%
                                  UNMAPPED READS:
  Number of reads unmapped: too many mismatches |	0
       % of reads unmapped: too many mismatches |	0.00%
            Number of reads unmapped: too short |	571
                 % of reads unmapped: too short |	6.96%
                Number of reads unmapped: other |	727
                     % of reads unmapped: other |	8.87%
                                  CHIMERIC READS:
                       Number of chimeric reads |	0
                            % of chimeric reads |	0.00%
