[2025-05-16 08:34:13.605] [jointLog] [info] setting maxHashResizeThreads to 4
[2025-05-16 08:34:13.605] [jointLog] [info] Fragment incompatibility prior below threshold.  Incompatible fragments will be ignored.
[2025-05-16 08:34:13.605] [jointLog] [info] Usage of --validateMappings implies use of minScoreFraction. Since not explicitly specified, it is being set to 0.65
[2025-05-16 08:34:13.605] [jointLog] [info] Setting consensusSlack to selective-alignment default of 0.35.
[2025-05-16 08:34:13.605] [jointLog] [info] parsing read library format
[2025-05-16 08:34:13.605] [jointLog] [info] There is 1 library.
[2025-05-16 08:34:13.605] [jointLog] [info] Loading pufferfish index
[2025-05-16 08:34:13.605] [jointLog] [info] Loading dense pufferfish index.
[2025-05-16 08:34:13.606] [jointLog] [info] done
[2025-05-16 08:34:13.620] [jointLog] [info] Index contained 1 targets
[2025-05-16 08:34:13.620] [jointLog] [info] Number of decoys : 0
[2025-05-16 08:34:13.620] [jointLog] [warning] Fragment GC bias correction is currently *experimental* in single-end libraries.  Please use this option with caution.
[2025-05-16 08:34:13.654] [jointLog] [info] Computed 1 rich equivalence classes for further processing
[2025-05-16 08:34:13.654] [jointLog] [info] Counted 13,958 total reads in the equivalence classes 
[2025-05-16 08:34:13.654] [fileLog] [info] 
At end of round 0
==================
Observed 13958 total fragments (13958 in most recent round)

[2025-05-16 08:34:13.655] [jointLog] [info] Number of mappings discarded because of alignment score : 0
[2025-05-16 08:34:13.655] [jointLog] [info] Number of fragments entirely discarded because of alignment score : 0
[2025-05-16 08:34:13.655] [jointLog] [info] Number of fragments discarded because they are best-mapped to decoys : 0
[2025-05-16 08:34:13.655] [jointLog] [info] Number of fragments discarded because they have only dovetail (discordant) mappings to valid targets : 0
[2025-05-16 08:34:13.655] [jointLog] [warning] Only 13958 fragments were mapped, but the number of burn-in fragments was set to 5000000.
The effective lengths have been computed using the observed mappings.

[2025-05-16 08:34:13.655] [jointLog] [info] Mapping rate = 100%

[2025-05-16 08:34:13.655] [jointLog] [info] finished quantifyLibrary()
[2025-05-16 08:34:13.656] [jointLog] [info] Starting optimizer
[2025-05-16 08:34:13.656] [jointLog] [info] Marked 0 weighted equivalence classes as degenerate
[2025-05-16 08:34:13.656] [jointLog] [info] iteration = 0 | max rel diff. = 1.30319e-16
[2025-05-16 08:34:13.656] [jointLog] [info] iteration 1, adjusting effective lengths to account for biases
[2025-05-16 08:34:13.659] [jointLog] [info] Computed expected counts (for bias correction)
[2025-05-16 08:34:13.663] [jointLog] [info] processed bias for 100.0% of the transcripts
[2025-05-16 08:34:13.663] [jointLog] [info] iteration = 100 | max rel diff. = 0
[2025-05-16 08:34:13.663] [jointLog] [info] Finished optimizer
[2025-05-16 08:34:13.663] [jointLog] [info] writing output 

