                                 Started job on |	May 16 08:20:56
                             Started mapping on |	May 16 08:20:56
                                    Finished on |	May 16 08:20:57
       Mapping speed, Million of reads per hour |	50.56

                          Number of input reads |	14045
                      Average input read length |	78
                                    UNIQUE READS:
                   Uniquely mapped reads number |	14016
                        Uniquely mapped reads % |	99.79%
                          Average mapped length |	78.48
                       Number of splices: Total |	1
            Number of splices: Annotated (sjdb) |	0
                       Number of splices: GT/AG |	1
                       Number of splices: GC/AG |	0
                       Number of splices: AT/AC |	0
               Number of splices: Non-canonical |	0
                      Mismatch rate per base, % |	0.06%
                         Deletion rate per base |	0.00%
                        Deletion average length |	0.00
                        Insertion rate per base |	0.00%
                       Insertion average length |	0.00
                             MULTI-MAPPING READS:
        Number of reads mapped to multiple loci |	6
             % of reads mapped to multiple loci |	0.04%
        Number of reads mapped to too many loci |	0
             % of reads mapped to too many loci |	0.00%
                                  UNMAPPED READS:
  Number of reads unmapped: too many mismatches |	0
       % of reads unmapped: too many mismatches |	0.00%
            Number of reads unmapped: too short |	0
                 % of reads unmapped: too short |	0.00%
                Number of reads unmapped: other |	23
                     % of reads unmapped: other |	0.16%
                                  CHIMERIC READS:
                       Number of chimeric reads |	0
                            % of chimeric reads |	0.00%
