                                 Started job on |	May 16 08:20:58
                             Started mapping on |	May 16 08:20:58
                                    Finished on |	May 16 08:20:59
       Mapping speed, Million of reads per hour |	28.97

                          Number of input reads |	8046
                      Average input read length |	78
                                    UNIQUE READS:
                   Uniquely mapped reads number |	6875
                        Uniquely mapped reads % |	85.45%
                          Average mapped length |	78.43
                       Number of splices: Total |	1
            Number of splices: Annotated (sjdb) |	0
                       Number of splices: GT/AG |	1
                       Number of splices: GC/AG |	0
                       Number of splices: AT/AC |	0
               Number of splices: Non-canonical |	0
                      Mismatch rate per base, % |	0.07%
                         Deletion rate per base |	0.00%
                        Deletion average length |	0.00
                        Insertion rate per base |	0.00%
                       Insertion average length |	1.00
                             MULTI-MAPPING READS:
        Number of reads mapped to multiple loci |	3
             % of reads mapped to multiple loci |	0.04%
        Number of reads mapped to too many loci |	0
             % of reads mapped to too many loci |	0.00%
                                  UNMAPPED READS:
  Number of reads unmapped: too many mismatches |	0
       % of reads unmapped: too many mismatches |	0.00%
            Number of reads unmapped: too short |	893
                 % of reads unmapped: too short |	11.10%
                Number of reads unmapped: other |	275
                     % of reads unmapped: other |	3.42%
                                  CHIMERIC READS:
                       Number of chimeric reads |	0
                            % of chimeric reads |	0.00%
